<?xml version="1.0" encoding="UTF-8" ?>
<testsuites>
  <testsuite errors="0" failures="0" hostname="Shadow" id="0" name="logging in" package="" tests="1" time="7.004" timestamp="2015-10-05T06:25:07">
      <properties />

      <testcase classname="grails.plugin.cucumber.CucumberTest" name="Logging in" time="2.65" />

      <system-out><![CDATA[Feature: logging in

--Output from Logging in--
  Scenario: Logging in                                                                       # Login.feature:3
    Given I am at the login page                                                             # Login_steps.groovy:8
    When I type "user1" in the username field and "password" in the password field and login # Login_steps.groovy:13
    Then I should be able to see "user1" at the home page                                    # Login_steps.groovy:16
]]></system-out>

      <system-err><![CDATA[
--Output from Logging in--]]></system-err>

  </testsuite>
</testsuites>
