<?xml version="1.0" encoding="UTF-8" ?>
<testsuites>
  <testsuite errors="0" failures="0" hostname="Poseidon" id="0" name="Follow a user" package="" tests="1" time="6.994" timestamp="2015-10-13T13:56:13">
      <properties />

      <testcase classname="grails.plugin.cucumber.CucumberTest" name="Follow user" time="3.62" />

      <system-out><![CDATA[Feature: Follow a user

--Output from Follow user--
  Scenario: Follow user                                                   # FollowUser.feature:3
    Given I am logged in as "user2" and at the home page                  # FollowUser_steps.groovy:4
    When I click follow "user1"                                           # FollowUser_steps.groovy:10
    Then I should see "user1" in the list of followed users in my profile # FollowUser_steps.groovy:14
]]></system-out>

      <system-err><![CDATA[
--Output from Follow user--]]></system-err>

  </testsuite>
</testsuites>
