<?xml version="1.0" encoding="UTF-8" ?>
<testsuites>
  <testsuite errors="0" failures="0" hostname="Shadow" id="0" name="Follow a user" package="" tests="1" time="9.177" timestamp="2015-10-15T05:09:20">
      <properties />

      <testcase classname="grails.plugin.cucumber.CucumberTest" name="Follow user" time="4.405" />

      <system-out><![CDATA[Feature: Follow a user

--Output from Follow user--
  Scenario: Follow user                                                   # FollowUser.feature:3
    Given I am logged in as "user2" and at the home page                  # FollowUser_steps.groovy:4
    When I click follow "user1"                                           # FollowUser_steps.groovy:10
    Then I should see "user1" in the list of followed users in my profile # FollowUser_steps.groovy:14
]]></system-out>

      <system-err><![CDATA[
--Output from Follow user--]]></system-err>

  </testsuite>
  <testsuite errors="0" failures="0" hostname="Shadow" id="1" name="Like a post" package="" tests="1" time="2.149" timestamp="2015-10-15T05:09:29">
      <properties />

      <testcase classname="grails.plugin.cucumber.CucumberTest" name="Like a Post" time="2.135" />

      <system-out><![CDATA[Feature: Like a post

--Output from Like a Post--
  Scenario: Like a Post                              # LikePost.feature:3
    Given I am logged in and at the home page        # NewPost_steps.groovy:4
    When I like the post "i am user2 guys hehehe"    # LikePost_steps.groovy:11
    Then I should see "user1 liked this" on the post # LikePost_steps.groovy:15
]]></system-out>

      <system-err><![CDATA[
--Output from Like a Post--]]></system-err>

  </testsuite>
  <testsuite errors="0" failures="0" hostname="Shadow" id="2" name="List Posts" package="" tests="1" time="1.533" timestamp="2015-10-15T05:09:31">
      <properties />

      <testcase classname="grails.plugin.cucumber.CucumberTest" name="See all posts" time="1.526" />

      <system-out><![CDATA[Feature: List Posts

--Output from See all posts--
  Scenario: See all posts           # ListPost.feature:4
    Given I am logged in            # ListPost_steps.groovy:6
    When I am at the home page      # ListPost_steps.groovy:14
    Then I should see all the posts # ListPost_steps.groovy:17
]]></system-out>

      <system-err><![CDATA[
--Output from See all posts--]]></system-err>

  </testsuite>
  <testsuite errors="0" failures="0" hostname="Shadow" id="3" name="Logging out" package="" tests="1" time="0.343" timestamp="2015-10-15T05:09:34">
      <properties />

      <testcase classname="grails.plugin.cucumber.CucumberTest" name="Log out" time="0.339" />

      <system-out><![CDATA[Feature: Logging out

--Output from Log out--
  Scenario: Log out                                      # Logout.feature:5
    Given I am at the home page and logged in as "user1" # Logout_steps.groovy:7
    When I click the logout button                       # Logout_steps.groovy:12
    Then I should be redirected to the login page        # Logout_steps.groovy:15
]]></system-out>

      <system-err><![CDATA[
--Output from Log out--]]></system-err>

  </testsuite>
  <testsuite errors="0" failures="0" hostname="Shadow" id="4" name="Posting new post" package="" tests="1" time="2.243" timestamp="2015-10-15T05:09:34">
      <properties />

      <testcase classname="grails.plugin.cucumber.CucumberTest" name="New Post" time="2.233" />

      <system-out><![CDATA[Feature: Posting new post

--Output from New Post--
  Scenario: New Post                                                  # NewPost.feature:4
    Given I am logged in and at the home page                         # NewPost_steps.groovy:4
    When I write "This is a new post" in the text area and click post # NewPost_steps.groovy:10
    Then I should see "This is a new post" in the list of posts       # NewPost_steps.groovy:15
]]></system-out>

      <system-err><![CDATA[
--Output from New Post--]]></system-err>

  </testsuite>
  <testsuite errors="0" failures="0" hostname="Shadow" id="5" name="logging in" package="" tests="1" time="1.073" timestamp="2015-10-15T05:09:33">
      <properties />

      <testcase classname="grails.plugin.cucumber.CucumberTest" name="Logging in" time="1.053" />

      <system-out><![CDATA[Feature: logging in

--Output from Logging in--
  Scenario: Logging in                                                                       # Login.feature:3
    Given I am at the login page                                                             # Login_steps.groovy:8
    When I type "user1" in the username field and "password" in the password field and login # Login_steps.groovy:13
    Then I should be able to see "user1" at the home page                                    # Login_steps.groovy:16
]]></system-out>

      <system-err><![CDATA[
--Output from Logging in--]]></system-err>

  </testsuite>
</testsuites>
